<?xml version="1.0" encoding="UTF-8"?>
<!-- Generated by org.testng.reporters.JUnitReportReporter -->
<testsuite skipped="0" hostname="Lenovo" name="assignment.Taskone" tests="1" failures="0" timestamp="2021-01-18T16:01:02 IST" time="20.168" errors="0">
  <testcase name="main" time="20.168" classname="assignment.Taskone"/>
  <system-out/>
</testsuite> <!-- assignment.Taskone -->
